<?xml version="1.0" encoding="UTF-8"?>
<!-- Generated by org.testng.reporters.JUnitReportReporter -->
<testsuite hostname="DESKTOP-CI7NK1H" name="bwi.prog2B.SS2017.wi16b138_Palatin.ES03.ConcertTest" tests="1" failures="0" timestamp="25 Aug 2017 21:30:54 GMT" time="0.016" errors="0">
  <testcase name="addTrack" time="0.016" classname="bwi.prog2B.SS2017.wi16b138_Palatin.ES03.ConcertTest"/>
</testsuite> <!-- bwi.prog2B.SS2017.wi16b138_Palatin.ES03.ConcertTest -->
