<?xml version="1.0" encoding="UTF-8"?>
<!-- Generated by org.testng.reporters.JUnitReportReporter -->
<testsuite hostname="DESKTOP-CI7NK1H" name="bwi.prog2B.SS2017.wi16b138_Palatin.ES03.ArtistTest" tests="5" failures="0" timestamp="25 Aug 2017 21:29:50 GMT" time="0.000" errors="0">
  <testcase name="testtoString" time="0.000" classname="bwi.prog2B.SS2017.wi16b138_Palatin.ES03.ArtistTest"/>
  <testcase name="testtoString" time="0.000" classname="bwi.prog2B.SS2017.wi16b138_Palatin.ES03.ArtistTest"/>
  <testcase name="testtoString" time="0.000" classname="bwi.prog2B.SS2017.wi16b138_Palatin.ES03.ArtistTest"/>
  <testcase name="testtoString" time="0.000" classname="bwi.prog2B.SS2017.wi16b138_Palatin.ES03.ArtistTest"/>
  <testcase name="testtoString" time="0.000" classname="bwi.prog2B.SS2017.wi16b138_Palatin.ES03.ArtistTest"/>
</testsuite> <!-- bwi.prog2B.SS2017.wi16b138_Palatin.ES03.ArtistTest -->
