<?xml version="1.0" encoding="UTF-8"?>
<!-- Generated by org.testng.reporters.JUnitReportReporter -->
<testsuite hostname="DESKTOP-CI7NK1H" name="bwi.prog2B.SS2017.wi16b138_Palatin.ES03.EventTest" tests="4" failures="0" timestamp="25 Aug 2017 21:29:50 GMT" time="0.000" errors="0">
  <testcase name="impact" time="0.000" classname="bwi.prog2B.SS2017.wi16b138_Palatin.ES03.EventTest"/>
  <testcase name="testtoString" time="0.000" classname="bwi.prog2B.SS2017.wi16b138_Palatin.ES03.EventTest"/>
  <testcase name="EventEvent" time="0.000" classname="bwi.prog2B.SS2017.wi16b138_Palatin.ES03.EventTest"/>
  <testcase name="testtoString2" time="0.000" classname="bwi.prog2B.SS2017.wi16b138_Palatin.ES03.EventTest"/>
</testsuite> <!-- bwi.prog2B.SS2017.wi16b138_Palatin.ES03.EventTest -->
